<?xml version="1.0" encoding="UTF-8"?>
<!-- Generated by org.testng.reporters.JUnitReportReporter -->
<testsuite hostname="DESKTOP-6LJCPTQ" failures="0" tests="8" name="testCases.indexPageTest" time="52.107" errors="0" timestamp="2022-10-29T13:16:14 EDT" skipped="2">
  <testcase classname="testCases.indexPageTest" name="verifyLogo" time="0.109"/>
  <system-out/>
  <testcase classname="testCases.indexPageTest" name="verifyLogo" time="0.060"/>
  <system-out/>
  <testcase classname="testCases.indexPageTest" name="verifyTitle" time="0.061"/>
  <system-out/>
  <testcase classname="testCases.indexPageTest" name="verifyTitle" time="0.009"/>
  <system-out/>
  <testcase classname="testCases.indexPageTest" name="clickOnSignInTest" time="25.786"/>
  <system-out/>
  <testcase classname="testCases.indexPageTest" name="clickOnSignInTest" time="26.082"/>
  <system-out/>
  <testcase classname="testCases.indexPageTest" name="searchProductTest">
    <skipped/>
  </testcase> <!-- searchProductTest -->
  <system-out/>
  <testcase classname="testCases.indexPageTest" name="searchProductTest">
    <skipped/>
  </testcase> <!-- searchProductTest -->
  <system-out/>
</testsuite> <!-- testCases.indexPageTest -->
