<?xml version="1.0" encoding="UTF-8"?>
<!-- Generated by org.testng.reporters.JUnitReportReporter -->
<testsuite hostname="DESKTOP-6LJCPTQ" failures="0" tests="8" name="testCases.indexPageTest" time="15.235" errors="0" timestamp="2022-10-29T14:44:29 EDT" skipped="2">
  <testcase classname="testCases.indexPageTest" name="verifyLogo" time="0.271"/>
  <system-out/>
  <testcase classname="testCases.indexPageTest" name="verifyLogo" time="0.074"/>
  <system-out/>
  <testcase classname="testCases.indexPageTest" name="verifyTitle" time="0.006"/>
  <system-out/>
  <testcase classname="testCases.indexPageTest" name="verifyTitle" time="0.012"/>
  <system-out/>
  <testcase classname="testCases.indexPageTest" name="clickOnSignInTest" time="7.438"/>
  <system-out/>
  <testcase classname="testCases.indexPageTest" name="clickOnSignInTest" time="7.434"/>
  <system-out/>
  <testcase classname="testCases.indexPageTest" name="searchProductTest">
    <skipped/>
  </testcase> <!-- searchProductTest -->
  <system-out/>
  <testcase classname="testCases.indexPageTest" name="searchProductTest">
    <skipped/>
  </testcase> <!-- searchProductTest -->
  <system-out/>
</testsuite> <!-- testCases.indexPageTest -->
