<?xml version="1.0" encoding="UTF-8"?>
<!-- Generated by org.testng.reporters.JUnitReportReporter -->
<testsuite hostname="DESKTOP-6LJCPTQ" failures="0" tests="8" name="testCases.indexPageTest" time="46.067" errors="0" timestamp="2022-10-31T16:03:25 EDT" skipped="2">
  <testcase classname="testCases.indexPageTest" name="verifyLogo" time="0.406"/>
  <system-out/>
  <testcase classname="testCases.indexPageTest" name="verifyLogo" time="0.290"/>
  <system-out/>
  <testcase classname="testCases.indexPageTest" name="verifyTitle" time="0.013"/>
  <system-out/>
  <testcase classname="testCases.indexPageTest" name="verifyTitle" time="0.008"/>
  <system-out/>
  <testcase classname="testCases.indexPageTest" name="clickOnSignInTest" time="23.512"/>
  <system-out/>
  <testcase classname="testCases.indexPageTest" name="clickOnSignInTest" time="21.838"/>
  <system-out/>
  <testcase classname="testCases.indexPageTest" name="searchProductTest">
    <skipped/>
  </testcase> <!-- searchProductTest -->
  <system-out/>
  <testcase classname="testCases.indexPageTest" name="searchProductTest">
    <skipped/>
  </testcase> <!-- searchProductTest -->
  <system-out/>
</testsuite> <!-- testCases.indexPageTest -->
