<?xml version="1.0" encoding="UTF-8"?>
<!-- Generated by org.testng.reporters.JUnitReportReporter -->
<testsuite hostname="DESKTOP-6LJCPTQ" failures="0" tests="4" name="testCases.indexPageTest" time="4.140" errors="0" timestamp="2022-10-29T12:15:10 EDT" skipped="1">
  <testcase classname="testCases.indexPageTest" name="verifyLogo" time="0.097"/>
  <system-out/>
  <testcase classname="testCases.indexPageTest" name="verifyTitle" time="0.006"/>
  <system-out/>
  <testcase classname="testCases.indexPageTest" name="clickOnSignInTest" time="4.037"/>
  <system-out/>
  <testcase classname="testCases.indexPageTest" name="searchProductTest">
    <skipped/>
  </testcase> <!-- searchProductTest -->
  <system-out/>
</testsuite> <!-- testCases.indexPageTest -->
